<?xml version="1.0" encoding="UTF-8"?>
<!-- Generated by org.testng.reporters.JUnitReportReporter -->
<testsuite skipped="0" hostname="DESKTOP-7MOHEMN" name="Keyframework.Key" tests="1" failures="0" timestamp="27 Aug 2018 03:37:26 GMT" time="18.584" errors="0">
  <testcase name="demo" time="18.584" classname="Keyframework.Key"/>
</testsuite> <!-- Keyframework.Key -->
