<?xml version="1.0" encoding="UTF-8"?>
<!-- Generated by org.testng.reporters.JUnitReportReporter -->
<testsuite skipped="0" hostname="DESKTOP-7MOHEMN" name="dummy.Upload" tests="2" failures="0" timestamp="30 Aug 2018 03:20:04 GMT" time="35.511" errors="0">
  <testcase name="demo" time="14.963" classname="dummy.Upload"/>
  <testcase name="demo" time="20.548" classname="dummy.Upload"/>
</testsuite> <!-- dummy.Upload -->
