<?xml version="1.0" encoding="UTF-8"?>
<!-- Generated by org.testng.reporters.JUnitReportReporter -->
<testsuite skipped="0" hostname="DESKTOP-7MOHEMN" name="in.amazon.scripts.Validlogin" tests="1" failures="0" timestamp="26 Aug 2018 13:40:42 GMT" time="73.202" errors="0">
  <testcase name="login" time="73.202" classname="in.amazon.scripts.Validlogin"/>
</testsuite> <!-- in.amazon.scripts.Validlogin -->
