<?xml version="1.0" encoding="UTF-8"?>
<!-- Generated by org.testng.reporters.JUnitReportReporter -->
<testsuite skipped="0" hostname="DESKTOP-7MOHEMN" name="in.amazon.scripts.Sample" tests="1" failures="0" timestamp="20 Aug 2018 05:35:36 GMT" time="13.470" errors="0">
  <testcase name="login" time="13.470" classname="in.amazon.scripts.Sample"/>
</testsuite> <!-- in.amazon.scripts.Sample -->
